MD5 differential path textcollision solver
Copyright (C) 2024 Marc Stevens
http://homepages.cwi.nl/~stevens/

delta_m[5] = [!10!]
Q-3:	|........ ........ ........ ........|
Q-2:	|........ ........ ........ ........|
Q-1:	|........ ........ ........ ........|
Q0:	|........ ........ ........ ........| ok p=1
Q1:	|........ ........ ........ ........| ok p=1
Q2:	|........ ........ ........ ........| ok p=1
Q3:	|........ ........ ........ ........| ok p=1
Q4:	|........ .0...... ........ ........| ok p=1
Q5:	|........ ^0...... ........ ........| ok p=0.998047
Q6:	|........ +-...... ........ ........| ok p=1
Q7:	|........ 0+...... ........ ........| ok p=1
Q8:	|........ 1+...... ........ ..1.0...| ok p=1
Q9:	|........ 0+...... ........ ..0^0...| ok p=1
Q10:	|.....1.. +-...... ........ ..+--...| ok p=1
Q11:	|.....0.. 01...... ........ ..11+.0.| ok p=1
Q12:	|!....+.1 100..00. ........ .01+-^0.| ok p=1
Q13:	|....1+.0 101^^11. ....0.0. .0110++.| ok p=1
Q14:	|....1+.+ -------. .0..1^0. .+0+-1+.| ok p=1
Q15:	|....+-.1 0+1010-! .0..+-+. .-+++++.| ok p=0.969727
Q16:	|0....0.1 -+00011. .+..0-.. .0110.1.| ok p=0.929688
Q17:	|0...^-.. 01....1. .1..-+^. .0001^0.| ok p=0.553711
Q18:	|-....1.. +0..0... .+...-.. ........| ok p=0.478516
Q19:	|0....0.. ........ .-..^-.. .......0| ok p=0.287109
Q20:	|+..0...0 ^...+... .1...0.. .......1| ok p=0.461914
Q21:	|...1...1 ....+... .0...1.. .......-| ok p=0.875977
Q22:	|^..+...+ ....-... ........ ........| ok p=0.9375
Q23:	|........ ....-... ........ ..0....^| ok p=0.480469
Q24:	|...^...^ ....1... ........ ..1...0.| ok p=1
Q25:	|........ ....0... ........ ..-...1.| ok p=0.933594
Q26:	|........ ........ ........ ......+.| ok p=1
Q27:	|........ ........ .....0.. ..^.....| ok p=1
Q28:	|........ ........ .....1.. ......^.| ok p=1
Q29:	|........ ........ .....-.. ........| ok p=1
Q30:	|........ ........ ........ ........| ok p=1
Q31:	|........ ........ .....^.. ........| ok p=1
Q32:	|........ ........ ........ ........| ok p=1
Q33:	|........ ........ ........ ........| ok p=1
Q34:	|........ ........ ........ ........| ok p=1
Q35:	|........ ........ ........ ........| ok p=1
Q36:	|........ ........ ........ ........| ok p=1
Q37:	|........ ........ ........ ........| ok p=1
Q38:	|........ ........ ........ ........| ok p=1
Q39:	|........ ........ ........ ........| ok p=1
Q40:	|........ ........ ........ ........| ok p=1
Q41:	|........ ........ ........ ........| ok p=1
Q42:	|........ ........ ........ ........| ok p=1
Q43:	|........ ........ ........ ........| ok p=1
Q44:	|........ ........ ........ ........| ok p=1
Q45:	|........ ........ ........ ........| ok p=1
Q46:	|........ ........ ........ ........| ok p=1
Q47:	|........ ........ ........ ........| ok p=1
Q48:	|........ ........ ........ ........| ok p=1
Q49:	|........ ........ ........ ........| ok p=1
Q50:	|0....... ........ ........ ........| ok p=1
Q51:	|1....... ........ ........ ........| ok p=0.483398
Q52:	|+....... ........ ........ ........| ok p=1
Q53:	|+....... ........ ........ ........| ok p=1
Q54:	|-....... ........ ........ ........| ok p=1
Q55:	|+....... ........ ........ ........| ok p=1
Q56:	|-....... ........ ........ ........| ok p=1
Q57:	|+....... ........ ........ ........| ok p=1
Q58:	|-....... ........ ........ ........| ok p=1
Q59:	|+....... ........ ........ ........| ok p=1
Q60:	|-....... ........ ........ ........| ok p=1
Q61:	|+....... ........ ........ ........| ok p=1
Q62:	|-....... ........ ........ ........| ok p=1
Q63:	|+....... ........ ........ ........| ok p=1
Q64:	|+....... ........ ........ ........|
IHV1   = 0123456789abcdeffedcba9876543210

======
Generate Q13-Q17,m1:
0%   10   20   30   40   50   60   70   80   90   100%
|----|----|----|----|----|----|----|----|----|----|
***************************************************
Generate Q13-Q17,m1: attempts: 2^26.5995 success rate: 2^-5.5995

======
Step 15: (Q12,m15):
0%   10   20   30   40   50   60   70   80   90   100%
|----|----|----|----|----|----|----|----|----|----|
***************************************************
Step 15: attempts: 2^27.8372, success rate: 2^-6.83716

======
Step 14: (Q11,m14):
0%   10   20   30   40   50   60   70   80   90   100%
|----|----|----|----|----|----|----|----|----|----|
***************************************************
Step 14: attempts: 2^27.3539, success rate: 2^-6.35388

======
Step 13: (Q10,m13):
0%   10   20   30   40   50   60   70   80   90   100%
|----|----|----|----|----|----|----|----|----|----|
***************************************************
Step 13: attempts: 2^30.1699, success rate: 2^-9.16987

======
Step 12: (Q9,m12):
0%   10   20   30   40   50   60   70   80   90   100%
|----|----|----|----|----|----|----|----|----|----|
***************************************************
Step 12: attempts: 2^25.0678, success rate: 2^-4.06784

======
Step 17: (Q18,m6):
0%   10   20   30   40   50   60   70   80   90   100%
|----|----|----|----|----|----|----|----|----|----|
***************************************************
Step 17: attempts: 2^28.8356, success rate: 2^-7.8356

======
Step: (m11,Q8,Q19):
0%   10   20   30   40   50   60   70   80   90   100%
|----|----|----|----|----|----|----|----|----|----|
***************************************************
Step m11: attempts: 2^33.48, success rate: 2^-12.48

======
Step 19: (Q20,m0):
0%   10   20   30   40   50   60   70   80   90   100%
|----|----|----|----|----|----|----|----|----|----|
***************************************************
Step 19: attempts: 2^29.7919, success rate: 2^-8.79186

======
Step 20: (Q21,m5):
0%   10   20   30   40   50   60   70   80   90   100%
|----|----|----|----|----|----|----|----|----|----|
***************************************************
Step 20: attempts: 2^27.6317, success rate: 2^-6.63174
out.size() after m5+m_diff filtering: 691298

======
Step: (m10,Q7,Q22,Q23):
0%   10   20   30   40   50   60   70   80   90   100%
|----|----|----|----|----|----|----|----|----|----|
***************************************************
Step m10: attempts: 2^30.3125, success rate: 2^-9.31248

======
Step 23: (Q24,m4):
0%   10   20   30   40   50   60   70   80   90   100%
|----|----|----|----|----|----|----|----|----|----|
***************************************************
Step 23: attempts: 2^27.2672, success rate: 2^-6.26718
Saving 'Q7Q24.bin.gz'...m0[0]=msg[0]: b
m0[0]=msg[0]:  b:1

m0[1]=msg[1]: "'
m0[1]=msg[1]:  ":0.5076 ':0.4924

m0[2]=msg[2]: hjIk9yoaf+#MG.wEd75i^L~l2Fe=AOD:CQznpSc4-?&rxg3KYUm6Rs@PZ;bWtH_u,*vqNV1B0X8J|T
m0[2]=msg[2]:  h:0.01487 j:0.01482 I:0.01466 k:0.01454 9:0.01443 y:0.01439 o:0.01438 a:0.01438 f:0.01407 +:0.01387 #:0.01374 M:0.01372 G:0.01368 .:0.01362 w:0.01348 E:0.01346 d:0.01343 7:0.01341 5:0.01339 i:0.01328 ^:0.01327 L:0.01325 ~:0.01322 l:0.01319 2:0.01319 F:0.01307 e:0.01306 =:0.01304 A:0.01301 O:0.01298 D:0.01296 ::0.01295 C:0.01293 Q:0.01291 z:0.01291 n:0.0129 p:0.01289 S:0.01286 c:0.01285 4:0.01276 -:0.01269 ?:0.01269 &:0.01265 r:0.01263 x:0.01259 g:0.01256 3:0.01253 K:0.01252 Y:0.01251 U:0.01249 m:0.01246 6:0.01246 R:0.01241 s:0.01237 @:0.01228 P:0.01228 Z:0.01227 ;:0.01225 b:0.01224 W:0.01222 t:0.0122 H:0.0122 _:0.01215 u:0.01211 ,:0.01202 *:0.01195 v:0.01191 q:0.01191 N:0.01183 V:0.01173 1:0.01173 B:0.01168 0:0.01158 X:0.01142 8:0.01133 J:0.01124 |:0.01103 T:0.01101

m0[3]=msg[3]: iQZbYrjRIBaz1J:qSycpC9K2HAPhs3;k@xd*LTWXl#gtD80G+Oo_4?V|7w^e,~uNvmUfEF.M5=6n&-
m0[3]=msg[3]:  i:0.02016 Q:0.01967 Z:0.01964 b:0.01955 Y:0.01918 r:0.01887 j:0.01879 R:0.01799 I:0.01785 B:0.01754 a:0.01747 z:0.01731 1:0.01726 J:0.01703 ::0.01666 q:0.01633 S:0.01626 y:0.01625 c:0.01599 p:0.01597 C:0.01575 9:0.01569 K:0.01551 2:0.01531 H:0.01528 A:0.01522 P:0.0148 h:0.01479 s:0.01467 3:0.01415 ;:0.01408 k:0.01405 @:0.01389 x:0.01381 d:0.0137 *:0.01366 L:0.01355 T:0.01254 W:0.01231 X:0.01217 l:0.01216 #:0.01211 g:0.0121 t:0.01194 D:0.01188 8:0.01187 0:0.01185 G:0.01185 +:0.01181 O:0.01168 o:0.01125 _:0.01105 4:0.01045 ?:0.01032 V:0.009799 |:0.009572 7:0.009552 w:0.009531 ^:0.009311 e:0.009028 ,:0.008762 ~:0.008334 u:0.008289 N:0.008277 v:0.00826 m:0.008154 U:0.008114 f:0.008086 E:0.007976 F:0.007912 .:0.007629 M:0.007573 5:0.007511 =:0.007436 6:0.007195 n:0.007084 &:0.006862 -:0.006732

m1[0]=msg[4]: KGHLCPOD@?STW;XJFBNRV:
m1[0]=msg[4]:  K:0.1127 G:0.1104 H:0.09853 L:0.09508 C:0.09139 P:0.07859 O:0.07135 D:0.06277 @:0.04977 ?:0.04955 S:0.04511 T:0.03827 W:0.02054 ;:0.01763 X:0.01306 J:0.0118 F:0.01175 B:0.009622 N:0.005218 R:0.004037 V:0.001718 ::0.001158

m1[1]=msg[5]: z:.vjgBrNok#K6b2sJfnwFR^Sa;VO~3_7*&YWE+CcG?8mQHLZ=huX5|1U,l-y9DpeTdtiI4@0MAPqx
m1[1]=msg[5]:  z:0.02193 ::0.02145 .:0.01955 v:0.01901 j:0.01865 g:0.01848 B:0.0183 r:0.01825 N:0.01812 o:0.01812 k:0.01789 #:0.01779 K:0.01771 6:0.0177 b:0.01736 2:0.01702 s:0.0168 J:0.01674 f:0.01672 n:0.01672 w:0.01641 F:0.01633 R:0.01621 ^:0.01578 S:0.01561 a:0.01554 ;:0.01495 V:0.01483 O:0.01482 ~:0.01441 3:0.01427 _:0.01401 7:0.014 *:0.01382 &:0.01365 Y:0.01348 W:0.01314 E:0.01249 +:0.01248 C:0.01223 c:0.01208 G:0.01206 ?:0.01192 8:0.01172 m:0.01152 Q:0.01143 H:0.01138 L:0.01127 Z:0.01119 =:0.01112 h:0.01091 u:0.0106 X:0.01058 5:0.01038 |:0.0103 1:0.009644 U:0.009309 ,:0.009207 l:0.009156 -:0.009018 y:0.008879 9:0.008785 D:0.008598 p:0.008517 e:0.008408 T:0.008265 d:0.007996 t:0.007961 i:0.007854 I:0.007789 4:0.007545 @:0.007281 0:0.006744 M:0.006727 A:0.006216 P:0.005139 q:0.005032 x:0.00467

m1[2]=msg[6]: JKSCB;R:ZL2c3bIDTAQ9+Y*4d1a,#HUE=P@M805eX-
m1[2]=msg[6]:  J:0.0903 K:0.08552 S:0.08271 C:0.07257 B:0.07251 ;:0.06656 R:0.06058 ::0.05435 Z:0.0437 L:0.03285 2:0.03117 c:0.02955 3:0.02826 b:0.02357 I:0.02278 D:0.02256 T:0.0204 A:0.01891 Q:0.018 9:0.01618 +:0.01577 Y:0.01378 *:0.01268 4:0.01174 d:0.01047 1:0.009683 a:0.007647 ,:0.005814 #:0.004507 H:0.00275 U:0.002365 E:0.002124 =:0.001473 P:0.001049 @:0.00104 M:0.0009599 8:0.0009384 0:0.0008307 5:0.000596 e:0.0004487 X:0.0002346 -:5.102e-05

m1[3]=msg[7]: ypxYazfw@qioQRZ_AXjWB9P820Vh7r1HJg*N:OGkbsFK~I?v.3CD&S+=6;4t^#lMcEnmTU|d,-5euL
m1[3]=msg[7]:  y:0.02414 p:0.02348 x:0.02292 Y:0.02234 a:0.02177 z:0.02124 f:0.02054 w:0.02001 @:0.01991 q:0.01965 i:0.0195 o:0.01932 Q:0.01883 R:0.01817 Z:0.01804 _:0.01774 A:0.0176 X:0.01634 j:0.01619 W:0.01612 B:0.0159 9:0.01586 P:0.01586 8:0.01582 2:0.01571 0:0.01565 V:0.01558 h:0.01547 7:0.01535 r:0.01496 1:0.01495 H:0.01474 J:0.01472 g:0.01413 *:0.01406 N:0.01394 ::0.01387 O:0.01385 G:0.01307 k:0.01279 b:0.0126 s:0.0119 F:0.01177 K:0.01176 ~:0.01138 I:0.01108 ?:0.0106 v:0.01028 .:0.01014 3:0.009877 C:0.009753 D:0.009193 &:0.008966 S:0.008827 +:0.008754 =:0.008457 6:0.008217 ;:0.007875 4:0.007591 t:0.007587 ^:0.007584 #:0.007495 l:0.007478 M:0.007429 c:0.007328 E:0.007143 n:0.007116 m:0.00704 T:0.006961 U:0.006442 |:0.006322 d:0.005958 ,:0.005893 -:0.005853 5:0.00543 e:0.005216 u:0.004525 L:0.002052

m4[0]=msg[16]: Za#g=:AG_?5@ui^s.Bb;DC~|xtVXO9F,y4zf*16KQkdLITpW8vU+Y2Mwh7Ece-jloq3S0&nrHPNJRm
m4[0]=msg[16]:  Z:0.01305 a:0.013 #:0.01298 g:0.01298 =:0.01297 ::0.01295 A:0.01294 G:0.01294 _:0.01293 ?:0.01293 5:0.01293 @:0.01292 u:0.01292 i:0.01292 ^:0.0129 s:0.0129 .:0.0129 B:0.01289 b:0.01288 ;:0.01287 D:0.01287 C:0.01287 ~:0.01287 |:0.01287 x:0.01286 t:0.01286 V:0.01285 X:0.01285 O:0.01284 9:0.01284 F:0.01284 ,:0.01284 y:0.01284 4:0.01283 z:0.01283 f:0.01282 *:0.01282 1:0.01282 6:0.01281 K:0.01281 Q:0.01281 k:0.01281 d:0.0128 L:0.0128 I:0.0128 T:0.0128 p:0.0128 W:0.01279 8:0.01279 v:0.01278 U:0.01278 +:0.01278 Y:0.01277 2:0.01277 M:0.01276 w:0.01276 h:0.01276 7:0.01275 E:0.01275 c:0.01275 e:0.01275 -:0.01274 j:0.01274 l:0.01274 o:0.01274 q:0.01274 3:0.01273 S:0.01273 0:0.01273 &:0.01273 n:0.01272 r:0.01271 H:0.0127 P:0.0127 N:0.0127 J:0.01268 R:0.01266 m:0.0126

m4[1]=msg[17]: 9?;syc7jx5-+rgq.8#S,mlzIa6biCh1Gvp:@unW*dHfe&VoOT3PFUAKYwM_=ZB4JLN|DRQ~0^2tkEX
m4[1]=msg[17]:  9:0.01303 ?:0.01302 ;:0.013 s:0.01298 y:0.01298 c:0.01298 7:0.01297 j:0.01297 x:0.01296 5:0.01295 -:0.01295 +:0.01295 r:0.01294 g:0.01292 q:0.01291 .:0.01291 8:0.0129 #:0.0129 S:0.01289 ,:0.01289 m:0.01288 l:0.01287 z:0.01287 I:0.01286 a:0.01286 6:0.01285 b:0.01285 i:0.01285 C:0.01285 h:0.01285 1:0.01285 G:0.01284 v:0.01284 p:0.01284 ::0.01284 @:0.01284 u:0.01283 n:0.01283 W:0.01282 *:0.01282 d:0.01282 H:0.01281 f:0.01281 e:0.01281 &:0.01281 V:0.01281 o:0.0128 O:0.0128 T:0.01279 3:0.01279 P:0.01279 F:0.01279 U:0.01278 A:0.01278 K:0.01277 Y:0.01277 w:0.01277 M:0.01276 _:0.01276 =:0.01276 Z:0.01275 B:0.01274 4:0.01273 J:0.01273 L:0.01273 N:0.01273 |:0.0127 D:0.0127 R:0.0127 Q:0.01269 ~:0.01269 0:0.01269 ^:0.01269 2:0.01269 t:0.01262 k:0.01261 E:0.01255 X:0.01252

m4[2]=msg[18]: "'
m4[2]=msg[18]:  ":0.5028 ':0.4972

m4[3]=msg[19]: "+
m4[3]=msg[19]:  ":0.5356 +:0.4644

m5[0]=msg[20]: "b
m5[0]=msg[20]:  ":0.5024 b:0.4976

m5[1]=msg[21]: #
m5[1]=msg[21]:  #:1

m5[2]=msg[22]: X|3TE7K51-&*V9N.,ZlLp68iUCwg~vB:WFG;DydoQ=2PuOa^H4+YmJxI#0sMtSqRhAkcjze?bnrf@_
m5[2]=msg[22]:  X:0.01421 |:0.01403 3:0.01393 T:0.01382 E:0.01372 7:0.01372 K:0.01364 5:0.01363 1:0.01362 -:0.01362 &:0.0136 *:0.01358 V:0.01348 9:0.01346 N:0.01344 .:0.01332 ,:0.01327 Z:0.01323 l:0.01321 L:0.01321 p:0.01319 6:0.01318 8:0.01312 i:0.01305 U:0.01305 C:0.01304 w:0.01304 g:0.01302 ~:0.01301 v:0.01297 B:0.01297 ::0.01294 W:0.01293 F:0.01292 G:0.01291 ;:0.0129 D:0.01289 y:0.01288 d:0.01287 o:0.01284 Q:0.01283 =:0.01283 2:0.01279 P:0.01277 u:0.01276 O:0.01275 a:0.01267 ^:0.01266 H:0.01265 4:0.01265 +:0.01263 Y:0.01257 m:0.01255 J:0.01254 x:0.01253 I:0.01252 #:0.01248 0:0.01248 s:0.01247 M:0.01241 t:0.01239 S:0.01235 q:0.01234 R:0.01231 h:0.01228 A:0.01223 k:0.01222 c:0.01216 j:0.0121 z:0.01208 e:0.01201 ?:0.01188 b:0.01187 n:0.01178 r:0.01177 f:0.01164 @:0.01142 _:0.01124

m5[3]=msg[23]: C-#L@6F,:VMfU=9;SJm8EbYI4su7jl+&BcX2Q|A3ziKkv.?xp^h*OeTy1_DoZr~5dgPwHGNWtR0anq
m5[3]=msg[23]:  C:0.0144 -:0.01425 #:0.01424 L:0.01419 @:0.01416 6:0.01394 F:0.01393 ,:0.01371 ::0.01361 V:0.01347 M:0.01346 f:0.01343 U:0.0134 =:0.01339 9:0.01335 ;:0.01334 S:0.01333 J:0.0133 m:0.01327 8:0.01325 E:0.01324 b:0.01318 Y:0.01317 I:0.01315 4:0.01315 s:0.01314 u:0.01311 7:0.01308 j:0.01305 l:0.01304 +:0.01303 &:0.01302 B:0.013 c:0.01296 X:0.01295 2:0.01291 Q:0.01291 |:0.01289 A:0.01287 3:0.01287 z:0.01283 i:0.01283 K:0.01282 k:0.01273 v:0.01272 .:0.01267 ?:0.01266 x:0.01265 p:0.01264 ^:0.01261 h:0.01258 *:0.01258 O:0.01255 e:0.01252 T:0.0125 y:0.01248 1:0.01245 _:0.01241 D:0.0124 o:0.01238 Z:0.01232 r:0.01229 ~:0.01228 5:0.0122 d:0.01219 g:0.01212 P:0.01211 w:0.01208 H:0.01207 G:0.01206 N:0.01203 W:0.01187 t:0.01169 R:0.01146 0:0.01146 a:0.01139 n:0.01136 q:0.0109

m6[0]=msg[24]: ^ZVbR_f&c#NSWgY*Ja+UjOeQ.koXnPrdTMGiFh2-3KsIlB,HLmp601CvwE74utAq5;z:8|xD9y@=
m6[0]=msg[24]:  ^:0.04127 Z:0.03826 V:0.03578 b:0.03442 R:0.03356 _:0.03279 f:0.03193 &:0.03172 c:0.03023 #:0.02754 N:0.02745 S:0.02603 W:0.02415 g:0.02246 Y:0.02222 *:0.02064 J:0.02062 a:0.01985 +:0.01879 U:0.01854 j:0.01788 O:0.01785 e:0.01775 Q:0.01736 .:0.01695 k:0.01647 o:0.01584 X:0.01581 n:0.01463 P:0.0142 r:0.01351 d:0.01125 T:0.01118 M:0.01118 G:0.01111 i:0.01086 F:0.009928 h:0.009914 2:0.009726 -:0.009475 3:0.008955 K:0.00863 s:0.008621 I:0.008256 l:0.008255 B:0.007777 ,:0.007231 H:0.006896 L:0.006724 m:0.006646 p:0.006396 6:0.005901 0:0.005898 1:0.005865 C:0.005739 v:0.005083 w:0.00487 E:0.00483 7:0.004774 4:0.004467 u:0.004219 t:0.003837 A:0.003824 q:0.003777 5:0.003479 ;:0.002888 z:0.002318 ::0.002197 8:0.002056 |:0.001772 x:0.001659 D:0.001602 9:0.001248 y:0.001012 @:0.001005 =:0.0001616

m6[1]=msg[25]: qmbphkjygloZeasvPnYcd_xfzStiuXr^UT|~RWVNHKFOCwILMQBE9AJDG@=5?:;84237&+6*1.0,#-
m6[1]=msg[25]:  q:0.02345 m:0.02342 b:0.02267 p:0.0217 h:0.02151 k:0.02093 j:0.02067 y:0.02012 g:0.01992 l:0.01979 o:0.01979 Z:0.01966 e:0.01928 a:0.01873 s:0.01858 v:0.01854 P:0.01849 n:0.01832 Y:0.01794 c:0.01792 d:0.01789 _:0.01764 x:0.01761 f:0.01732 z:0.01731 S:0.01717 t:0.01715 i:0.01711 u:0.01706 X:0.01672 r:0.01645 ^:0.01588 U:0.0155 T:0.01524 |:0.01469 ~:0.01468 R:0.01447 W:0.01443 V:0.01436 N:0.01319 H:0.01312 K:0.01304 F:0.0128 O:0.01277 C:0.01236 w:0.01221 I:0.01189 L:0.01163 M:0.01144 Q:0.01102 B:0.01062 E:0.009971 9:0.009275 A:0.009009 J:0.008979 D:0.00824 G:0.008215 @:0.007281 =:0.007233 5:0.006977 ?:0.006721 ::0.006508 ;:0.006082 8:0.004893 4:0.004711 2:0.003955 3:0.00373 7:0.003644 &:0.003602 +:0.003518 6:0.003469 *:0.003362 1:0.002959 .:0.002822 0:0.002767 ,:0.00217 #:0.001957 -:0.001718

m6[2]=msg[26]: yYxq~azu|Z^retpivXdbmhUQf_wsVWPRclgnjkToSO&#*-.N1,+02
m6[2]=msg[26]:  y:0.0505 Y:0.04027 x:0.03982 q:0.03807 ~:0.03657 a:0.036 z:0.03322 u:0.03205 |:0.0317 Z:0.03134 ^:0.03065 r:0.02972 e:0.029 t:0.02753 p:0.02738 i:0.0268 v:0.02551 X:0.02529 d:0.02465 b:0.02358 m:0.02264 h:0.02108 U:0.02075 Q:0.02042 f:0.02041 _:0.01887 w:0.01731 s:0.01676 V:0.01651 W:0.01647 P:0.0162 R:0.01579 c:0.01561 l:0.01548 g:0.01529 n:0.01442 j:0.01324 k:0.01229 T:0.01219 o:0.01169 S:0.01126 O:0.006757 &:0.00215 #:0.001768 *:0.00103 -:0.0007887 .:0.0007672 N:0.0007048 1:0.0005341 ,:0.0004644 +:0.0002923 0:0.0002413 2:0.0001616

m6[3]=msg[27]: ~Nnru2Ra|=^:I?G.TpKM6YbjWxy@L_VhvlCA;PB-gsO4k*3J9HEXZ85+QizewcqDoSF0#U,mt7&df1
m6[3]=msg[27]:  ~:0.01659 N:0.01612 n:0.01606 r:0.01585 u:0.01573 2:0.01558 R:0.01549 a:0.01526 |:0.01509 =:0.01499 ^:0.01478 ::0.01476 I:0.01468 ?:0.01467 G:0.01445 .:0.01439 T:0.01399 p:0.01382 K:0.01373 M:0.01371 6:0.01369 Y:0.01369 b:0.01369 j:0.01367 W:0.01356 x:0.01343 y:0.01337 @:0.01334 L:0.01322 _:0.01321 V:0.01318 h:0.01317 v:0.01296 l:0.01293 C:0.01289 A:0.01282 ;:0.01279 P:0.01276 B:0.01275 -:0.01268 g:0.01263 s:0.01256 O:0.01249 4:0.01243 k:0.01237 *:0.01236 3:0.01232 J:0.01231 9:0.01215 H:0.01215 E:0.01206 X:0.01205 Z:0.01196 8:0.01195 5:0.0119 +:0.01189 Q:0.01184 i:0.0118 z:0.01178 e:0.01177 w:0.01174 c:0.01173 q:0.0116 D:0.01151 o:0.01144 S:0.01143 F:0.01121 0:0.01102 #:0.011 U:0.0107 ,:0.01051 m:0.01036 t:0.01033 7:0.01012 &:0.01003 d:0.009773 f:0.009657 1:0.009501

m10[0]=msg[40]: #C?+_;Z0GxyVXIh&c8uvF*2q6smw-SLTYjk.br9ARaHQeOo^1=7Dg5P3BtfNzp,lJdiUWK4~E:n|@M
m10[0]=msg[40]:  #:0.01327 C:0.01326 ?:0.0132 +:0.01314 _:0.01311 ;:0.01311 Z:0.01311 0:0.0131 G:0.0131 x:0.01307 y:0.01304 V:0.01303 X:0.01303 I:0.01303 h:0.01299 &:0.01297 c:0.01297 8:0.01297 u:0.01297 v:0.01295 F:0.01295 *:0.01294 2:0.01294 q:0.01293 6:0.01293 s:0.01293 m:0.01292 w:0.01292 -:0.01291 S:0.01291 L:0.01291 T:0.01289 Y:0.01288 j:0.01288 k:0.01285 .:0.01284 b:0.01284 r:0.01283 9:0.01283 A:0.01281 R:0.01281 a:0.0128 H:0.01279 Q:0.01279 e:0.01278 O:0.01278 o:0.01277 ^:0.01277 1:0.01276 =:0.01275 7:0.01275 D:0.01275 g:0.01274 5:0.01273 P:0.01272 3:0.0127 B:0.0127 t:0.01269 f:0.01268 N:0.01268 z:0.01266 p:0.01264 ,:0.01263 l:0.01263 J:0.01262 d:0.01261 i:0.01261 U:0.01261 W:0.0126 K:0.01257 4:0.01255 ~:0.01252 E:0.0125 ::0.01246 n:0.01245 |:0.01242 @:0.01238 M:0.01235

m10[1]=msg[41]: |tl+D,Td;4LKS#s3ckC5-uUEem=MRzr*BbJ2Zj:f~^V&6FnvNq9.YA1aQyIiwgo7G_W?Op0x8XhHP@
m10[1]=msg[41]:  |:0.01787 t:0.01776 l:0.01765 +:0.0174 D:0.01719 ,:0.01709 T:0.01701 d:0.01699 ;:0.01698 4:0.01689 L:0.01684 K:0.01677 S:0.01675 #:0.01675 s:0.01665 3:0.01664 c:0.01663 k:0.01655 C:0.01636 5:0.01531 -:0.01526 u:0.01519 U:0.01508 E:0.01502 e:0.01499 m:0.01499 =:0.01486 M:0.01462 R:0.01426 z:0.01426 r:0.01422 *:0.01415 B:0.01408 b:0.01397 J:0.01394 2:0.01393 Z:0.01364 j:0.01355 ::0.01351 f:0.01173 ~:0.01169 ^:0.01166 V:0.01164 &:0.01163 6:0.01152 F:0.01152 n:0.0114 v:0.01123 N:0.0112 q:0.01118 9:0.01115 .:0.01112 Y:0.01107 A:0.01096 1:0.01094 a:0.01079 Q:0.01072 y:0.01059 I:0.01051 i:0.01042 w:0.009065 g:0.008961 o:0.008958 7:0.008711 G:0.008652 _:0.0086 W:0.008579 ?:0.008569 O:0.00855 p:0.008544 0:0.008463 x:0.008406 8:0.008396 X:0.008367 h:0.008317 H:0.008271 P:0.008224 @:0.008093

m10[2]=msg[42]: +*:,;Jz|9KZy-kIj8LiHYxl=7Mh.XmNG~Wg^wn&6FOVf?_ov5E0@euUP1p4ADtdQT#BC3qa2SRsrbc
m10[2]=msg[42]:  +:0.01891 *:0.01852 ::0.01806 ,:0.01789 ;:0.01783 J:0.01747 z:0.01719 |:0.01718 9:0.0171 K:0.01705 Z:0.01678 y:0.01664 -:0.01663 k:0.01649 I:0.01644 j:0.01633 8:0.01618 L:0.0161 i:0.01592 H:0.01586 Y:0.01584 x:0.0156 l:0.01557 =:0.01557 7:0.01524 M:0.0151 h:0.01498 .:0.01449 X:0.01437 m:0.01423 N:0.01403 G:0.01399 ~:0.01396 W:0.01373 g:0.01368 ^:0.01334 w:0.01317 n:0.01301 &:0.01298 6:0.01293 F:0.01242 O:0.01219 V:0.01211 f:0.01209 ?:0.01206 _:0.01158 o:0.01153 v:0.01151 5:0.01109 E:0.01099 0:0.01096 @:0.01094 e:0.01045 u:0.01024 U:0.01018 P:0.01016 1:0.009818 p:0.009802 4:0.00968 A:0.009644 D:0.00928 t:0.009108 d:0.009088 Q:0.009053 T:0.008819 #:0.008741 B:0.008731 C:0.008639 3:0.008593 q:0.008591 a:0.008584 2:0.008576 S:0.008343 R:0.008182 s:0.00806 r:0.008029 b:0.007925 c:0.007806

m10[3]=msg[43]: p4uB7vUntm0cX9M?CyRKoP-:&O3.rV*@+,_d56ZLfHWIT#2E1Jhslq|;ek8bNGA=gj~iYwzSF^aQxD
m10[3]=msg[43]:  p:0.01335 4:0.01329 u:0.01328 B:0.01325 7:0.01322 v:0.01318 U:0.01317 n:0.01317 t:0.01315 m:0.01312 0:0.01312 c:0.01309 X:0.01305 9:0.01305 M:0.01305 ?:0.01305 C:0.01304 y:0.01303 R:0.01303 K:0.01299 o:0.01298 P:0.01298 -:0.01298 ::0.01296 &:0.01294 O:0.01294 3:0.01293 .:0.0129 r:0.01288 V:0.01287 *:0.01287 @:0.01286 +:0.01286 ,:0.01286 _:0.01285 d:0.01285 5:0.01284 6:0.01283 Z:0.01281 L:0.01281 f:0.0128 H:0.0128 W:0.01278 I:0.01276 T:0.01276 #:0.01274 2:0.01273 E:0.01273 1:0.01272 J:0.01271 h:0.01271 s:0.01271 l:0.01271 q:0.0127 |:0.01267 ;:0.01266 e:0.01266 k:0.01266 8:0.01263 b:0.01262 N:0.01262 G:0.01261 A:0.0126 =:0.0126 g:0.01258 j:0.01258 ~:0.01257 i:0.01255 Y:0.01254 w:0.01254 z:0.01253 S:0.0125 F:0.01244 ^:0.01244 a:0.01244 Q:0.01241 x:0.01239 D:0.01233

m11[0]=msg[44]: Qb;0S.^Kz&lcM9wB+G#LFv17_ImYTUWgfD54PRhZACOt*qVe|Xd=,Nxayj-n:?okr@HEip6u2~s3J8
m11[0]=msg[44]:  Q:0.0167 b:0.0165 ;:0.01611 0:0.0159 S:0.01557 .:0.01531 ^:0.0153 K:0.01513 z:0.01473 &:0.01471 l:0.0147 c:0.01466 M:0.01445 9:0.01427 w:0.01419 B:0.01419 +:0.01411 G:0.01393 #:0.01388 L:0.01386 F:0.01381 v:0.01381 1:0.01378 7:0.01378 _:0.01375 I:0.01371 m:0.01371 Y:0.0137 T:0.01367 U:0.01363 W:0.01333 g:0.01323 f:0.0132 D:0.01309 5:0.01308 4:0.01307 P:0.01307 R:0.01299 h:0.01277 Z:0.01266 A:0.01258 C:0.01256 O:0.01253 t:0.01242 *:0.01232 q:0.01222 V:0.01222 e:0.0122 |:0.01214 X:0.01212 d:0.01211 =:0.01207 ,:0.01186 N:0.01179 x:0.01178 a:0.01177 y:0.01163 j:0.01158 -:0.01157 n:0.01152 ::0.01133 ?:0.01133 o:0.01132 k:0.01131 r:0.0112 @:0.01115 H:0.01114 E:0.01106 i:0.01096 p:0.01088 6:0.01077 u:0.01071 2:0.01011 ~:0.0101 s:0.01008 3:0.01005 J:0.009843 8:0.009581

m11[1]=msg[45]: YJU32Q6tu:=*MB1TZ9V4S5.ry,&R^NIqvX;jO7CAPfLo+-DE?WwmKFaGiHp8|_bszk0xe#~cl@ndgh
m11[1]=msg[45]:  Y:0.01762 J:0.01733 U:0.01693 3:0.01659 2:0.01606 Q:0.01601 6:0.01599 t:0.01598 u:0.01594 ::0.01592 =:0.01577 *:0.01577 M:0.01571 B:0.01571 1:0.01561 T:0.01549 Z:0.01548 9:0.01541 V:0.01538 4:0.01534 S:0.01519 5:0.01485 .:0.01477 r:0.01466 y:0.01442 ,:0.01434 &:0.0143 R:0.01415 ^:0.01414 N:0.01407 I:0.01388 q:0.01375 v:0.0137 X:0.01356 ;:0.01345 j:0.01311 O:0.01293 7:0.01278 C:0.01274 A:0.01246 P:0.01245 f:0.01236 L:0.01233 o:0.01231 +:0.01191 -:0.01183 D:0.01178 E:0.01168 ?:0.01168 W:0.01164 w:0.01156 m:0.01141 K:0.01133 F:0.01132 a:0.01132 G:0.01119 i:0.01109 H:0.01106 p:0.0108 8:0.01079 |:0.01074 _:0.01046 b:0.01037 s:0.01031 z:0.01011 k:0.01001 0:0.009905 x:0.009892 e:0.009778 #:0.009672 ~:0.009651 c:0.009394 l:0.009316 @:0.009187 n:0.009183 d:0.009166 g:0.006897 h:0.006883

m11[2]=msg[46]: P0OkB,5+To1#7FU-@DLHC9SRIA84:X_.ZN^Mv=mJ&EVsgpz3Q;eGya*wrYfc2q6b~?WuKdtl|jnihx
m11[2]=msg[46]:  P:0.01875 0:0.01697 O:0.01656 k:0.01594 B:0.01545 ,:0.01544 5:0.01535 +:0.01523 T:0.01507 o:0.01501 1:0.01498 #:0.01469 7:0.01448 F:0.01431 U:0.01427 -:0.01418 @:0.01411 D:0.01396 L:0.01389 H:0.01387 C:0.01386 9:0.01384 S:0.01366 R:0.01363 I:0.01361 A:0.01335 8:0.01332 4:0.01326 ::0.01321 X:0.01303 _:0.01297 .:0.01297 Z:0.01293 N:0.0129 ^:0.01288 M:0.01288 v:0.01277 =:0.01274 m:0.0127 J:0.01267 &:0.01264 E:0.01264 V:0.01248 s:0.0124 g:0.01232 p:0.01229 z:0.01226 3:0.01225 Q:0.01217 ;:0.01209 e:0.01207 G:0.01188 y:0.01185 a:0.01185 *:0.01174 w:0.01174 r:0.01169 Y:0.01167 f:0.01162 c:0.01158 2:0.01158 q:0.01157 6:0.01155 b:0.01148 ~:0.01135 ?:0.01116 W:0.01107 u:0.01078 K:0.01074 d:0.01059 t:0.01053 l:0.01046 |:0.01036 j:0.01025 n:0.01023 i:0.009958 h:0.009824 x:0.009588

m11[3]=msg[47]: FgDLN*Mqelib+XZ?s,aQJdK&p.#yB_fIm@nx2Eto8=Vzch1jkRvO:Pu4UHG5^rCWYA609S-3w7T;|~
m11[3]=msg[47]:  F:0.01815 g:0.01637 D:0.0161 L:0.01581 N:0.01571 *:0.01556 M:0.01554 q:0.01544 e:0.01539 l:0.01537 i:0.01525 b:0.01503 +:0.01478 X:0.0147 Z:0.01468 ?:0.01436 s:0.01431 ,:0.01425 a:0.01406 Q:0.01398 J:0.0139 d:0.01378 K:0.01373 &:0.01364 p:0.01364 .:0.01359 #:0.01355 y:0.0135 B:0.01339 _:0.01339 f:0.01329 I:0.01319 m:0.01312 @:0.01311 n:0.01304 x:0.013 2:0.01285 E:0.01277 t:0.01273 o:0.01267 8:0.01262 =:0.0126 V:0.01256 z:0.01247 c:0.01241 h:0.01238 1:0.01231 j:0.01213 k:0.01199 R:0.01179 v:0.01174 O:0.0117 ::0.01167 P:0.01167 u:0.01161 4:0.01157 U:0.0115 H:0.01149 G:0.01144 5:0.01143 ^:0.01142 r:0.01139 C:0.01136 W:0.01135 Y:0.01101 A:0.01098 6:0.01088 0:0.01073 9:0.01069 S:0.01053 -:0.01049 3:0.01043 w:0.01037 7:0.01021 T:0.01016 ;:0.01014 |:0.009715 ~:0.008348

m12[0]=msg[48]: X~u=&10S@WAwT*Fh-_zG+y49C,DME^NsaxQm;vVO8KHcUofBRq7eg|J6PLdtn2:I?iprjlZ3#5bk.Y
m12[0]=msg[48]:  X:0.01726 ~:0.01711 u:0.01616 =:0.01569 &:0.01557 1:0.01538 0:0.01517 S:0.01515 @:0.01506 W:0.01496 A:0.01495 w:0.01493 T:0.01492 *:0.01488 F:0.01459 h:0.01436 -:0.01422 _:0.01418 z:0.01415 G:0.01407 +:0.01402 y:0.01402 4:0.01384 9:0.01383 C:0.01363 ,:0.01358 D:0.01336 M:0.01334 E:0.01332 ^:0.01331 N:0.01328 s:0.01308 a:0.01302 x:0.01298 Q:0.01289 m:0.01288 ;:0.01281 v:0.0127 V:0.01265 O:0.01259 8:0.01259 K:0.01255 H:0.0125 c:0.01242 U:0.0124 o:0.01239 f:0.01229 B:0.01224 R:0.01223 q:0.01219 7:0.01215 e:0.01212 g:0.01197 |:0.01187 J:0.01179 6:0.01179 P:0.01177 L:0.01174 d:0.01172 t:0.01168 n:0.01154 2:0.01153 ::0.01132 I:0.01094 ?:0.01082 i:0.0108 p:0.01068 r:0.01067 j:0.01063 l:0.01048 Z:0.01045 3:0.01041 #:0.01029 5:0.01 b:0.00994 k:0.009915 .:0.009849 Y:0.00945

m12[1]=msg[49]: a~JY=@8TqCvjIR|c74.lt3m_h5OGrfP19MUZENzsLo:dSnpWbV&Q-#DwBx?XiAg0eFK,2;6+kuy*H^
m12[1]=msg[49]:  a:0.0171 ~:0.01681 J:0.01575 Y:0.01574 =:0.01564 @:0.01552 8:0.01519 T:0.01504 q:0.01504 C:0.01485 v:0.01479 j:0.01453 I:0.01443 R:0.01436 |:0.01426 c:0.0142 7:0.01419 4:0.01407 .:0.01399 l:0.01391 t:0.01388 3:0.01364 m:0.01358 _:0.01349 h:0.01339 5:0.01333 O:0.01329 G:0.01329 r:0.0131 f:0.01306 P:0.01301 1:0.01296 9:0.01296 M:0.01291 U:0.0129 Z:0.01289 E:0.01275 N:0.01266 z:0.01265 s:0.01257 L:0.01251 o:0.01248 ::0.01241 d:0.0124 S:0.01234 n:0.01232 p:0.0123 W:0.01227 b:0.01225 V:0.01224 &:0.0122 Q:0.01216 -:0.01215 #:0.01208 D:0.012 w:0.01198 B:0.01188 x:0.01184 ?:0.01174 X:0.01172 i:0.01161 A:0.01159 g:0.01137 0:0.01137 e:0.01133 F:0.01125 K:0.01123 ,:0.01114 2:0.01105 ;:0.01075 6:0.01055 +:0.01055 k:0.01044 u:0.01041 y:0.01032 *:0.0102 H:0.009948 ^:0.009933

m12[2]=msg[50]: vl~2kSqofztrGmRB.7_b5L=ijTEg?axd4WHu^PI:*hw9M-6FVD3y0N@J#;8nOe1,C|Xp+UcQY&ZsKA
m12[2]=msg[50]:  v:0.01799 l:0.01742 ~:0.01724 2:0.01685 k:0.01645 S:0.01633 q:0.01612 o:0.01578 f:0.01578 z:0.01545 t:0.01538 r:0.01527 G:0.01499 m:0.01491 R:0.01456 B:0.01452 .:0.01451 7:0.01446 _:0.0144 b:0.01439 5:0.01424 L:0.0139 =:0.01388 i:0.01373 j:0.01363 T:0.01341 E:0.01339 g:0.01334 ?:0.01327 a:0.01325 x:0.01317 d:0.01306 4:0.01298 W:0.01295 H:0.01286 u:0.01271 ^:0.0127 P:0.01255 I:0.01254 ::0.01248 *:0.01245 h:0.01241 w:0.0123 9:0.01224 M:0.01221 -:0.01219 6:0.01217 F:0.0121 V:0.01199 D:0.01197 3:0.01196 y:0.01164 0:0.01153 N:0.01149 @:0.01144 J:0.01138 #:0.01136 ;:0.01128 8:0.01123 n:0.0111 O:0.01106 e:0.01095 1:0.01092 ,:0.01084 C:0.01069 |:0.01069 X:0.01063 p:0.01059 +:0.01058 U:0.01043 c:0.0103 Q:0.01028 Y:0.01004 &:0.009871 Z:0.009854 s:0.00968 K:0.00968 A:0.009635

m12[3]=msg[51]: V:4vEULt*~0FWIK8MAOPf5Dcm.k9dwbjeZ2QRqhoBrJHgyT@a^u#CSs-z7n=li1_x3;YN&X?6+Gp,|
m12[3]=msg[51]:  V:0.01688 ::0.01649 4:0.01609 v:0.01606 E:0.01591 U:0.01585 L:0.01566 t:0.01566 *:0.01544 ~:0.01538 0:0.01499 F:0.01498 W:0.01492 I:0.01483 K:0.01466 8:0.01439 M:0.01432 A:0.01431 O:0.01424 P:0.01422 f:0.01416 5:0.01415 D:0.01389 c:0.01387 m:0.01383 .:0.01382 k:0.01374 9:0.01355 d:0.01347 w:0.01335 b:0.01331 j:0.0133 e:0.01316 Z:0.01302 2:0.013 Q:0.01299 R:0.01282 q:0.01276 h:0.01269 o:0.01269 B:0.01268 r:0.01262 J:0.01261 H:0.01243 g:0.01231 y:0.01227 T:0.01223 @:0.01219 a:0.0121 ^:0.01205 u:0.01204 #:0.01201 C:0.01201 S:0.01196 s:0.01189 -:0.0118 z:0.01145 7:0.01145 n:0.01137 =:0.01132 l:0.01131 i:0.01126 1:0.01125 _:0.01123 x:0.01114 3:0.01102 ;:0.011 Y:0.01073 N:0.01057 &:0.0104 X:0.01009 ?:0.01008 6:0.01004 +:0.009637 G:0.0096 p:0.009309 ,:0.009093 |:0.008586

m13[0]=msg[52]: .*,l0pjikn-qsm16r3fbh2&+c5uetogz_d94wyx#^|av;:7Z8=X~?W@BVYTAEUCDGRIFHQSJKONPLM
m13[0]=msg[52]:  .:0.02542 *:0.02383 ,:0.02254 l:0.02246 0:0.02233 p:0.022 j:0.02169 i:0.02164 k:0.02153 n:0.02149 -:0.02107 q:0.02016 s:0.0201 m:0.0198 1:0.01913 6:0.01883 r:0.01872 3:0.01871 f:0.018 b:0.01789 h:0.01789 2:0.01745 &:0.01742 +:0.01715 c:0.01713 5:0.0169 u:0.01632 e:0.01599 t:0.01596 o:0.01521 g:0.0152 z:0.01502 _:0.01451 d:0.01449 9:0.01446 4:0.01424 w:0.01416 y:0.01402 x:0.01376 #:0.0135 ^:0.01342 |:0.01322 a:0.01306 v:0.01304 ;:0.01301 ::0.01248 7:0.01207 Z:0.01197 8:0.01193 =:0.01101 X:0.01079 ~:0.01044 ?:0.01021 W:0.008883 @:0.007896 B:0.007767 V:0.007602 Y:0.007551 T:0.007263 A:0.007254 E:0.006713 U:0.006338 C:0.006297 D:0.004698 G:0.004068 R:0.003895 I:0.003748 F:0.003395 H:0.003325 Q:0.003116 S:0.002964 J:0.0026 K:0.002264 O:0.002062 N:0.002019 P:0.001813 L:0.000896 M:0.0008173

m13[1]=msg[53]: 7uL*kDZF+2,S1Ih3.f8Rr&XsNdm@ilcgwb6Wj#~B0V-^y=TzqP|CG5JavYoQ_;npEMt4OxH9?UA:Ke
m13[1]=msg[53]:  7:0.01777 u:0.01719 L:0.01712 *:0.01711 k:0.01682 D:0.01629 Z:0.01583 F:0.01578 +:0.01563 2:0.01542 ,:0.01451 S:0.01443 1:0.01443 I:0.01442 h:0.01435 3:0.01422 .:0.01418 f:0.01416 8:0.01398 R:0.01392 r:0.01387 &:0.01379 X:0.01375 s:0.01364 N:0.01363 d:0.01342 m:0.01335 @:0.01334 i:0.01333 l:0.01331 c:0.01328 g:0.01324 w:0.01313 b:0.01307 6:0.01305 W:0.01304 j:0.01304 #:0.01293 ~:0.01284 B:0.01272 0:0.01269 V:0.01268 -:0.01262 ^:0.01261 y:0.01252 =:0.01252 T:0.0122 z:0.01212 q:0.01205 P:0.01202 |:0.01198 C:0.01186 G:0.01179 5:0.01158 J:0.01155 a:0.01154 v:0.01148 Y:0.01138 o:0.01137 Q:0.01133 _:0.01112 ;:0.01112 n:0.01111 p:0.01107 E:0.01096 M:0.01088 t:0.01085 4:0.01078 O:0.01075 x:0.0104 H:0.01021 9:0.01006 ?:0.009952 U:0.00977 A:0.009557 ::0.009455 K:0.009359 e:0.009356

m13[2]=msg[54]: #&*+,-.0123465789:;=?@ABDCE
m13[2]=msg[54]:  #:0.1689 &:0.1435 *:0.1001 +:0.08655 ,:0.07516 -:0.05717 .:0.05523 0:0.04446 1:0.03831 2:0.03327 3:0.03303 4:0.02453 6:0.02235 5:0.02221 7:0.01619 8:0.01618 9:0.0159 ::0.01122 ;:0.009879 =:0.007047 ?:0.004505 @:0.003645 A:0.003515 B:0.002486 D:0.002367 C:0.001854 E:0.0004768

m13[3]=msg[55]: @Hh8PXxoIp0WG1iqY7_aA9Q?O.gwv^VbZFj:rBn&yJR~N*fzk62M3m-Cu5E;#SUse=K+c
m13[3]=msg[55]:  @:0.03027 H:0.02901 h:0.02731 8:0.02721 P:0.02693 X:0.02627 x:0.02502 o:0.02361 I:0.02327 p:0.02314 0:0.02247 W:0.02207 G:0.02031 1:0.01978 i:0.01969 q:0.0196 Y:0.01911 7:0.01888 _:0.01875 a:0.01849 A:0.01798 9:0.01788 Q:0.01757 ?:0.01751 O:0.01714 .:0.01701 g:0.0167 w:0.01646 v:0.01615 ^:0.01583 V:0.01508 b:0.01461 Z:0.01438 F:0.0136 j:0.01334 ::0.01322 r:0.0132 B:0.0128 n:0.01278 &:0.01263 y:0.01228 J:0.01199 R:0.01187 ~:0.01183 N:0.0117 *:0.01132 f:0.01027 z:0.01027 k:0.009802 6:0.009704 2:0.008763 M:0.008513 3:0.00735 m:0.007341 -:0.006959 C:0.006935 u:0.006694 5:0.00654 E:0.006303 ;:0.006201 #:0.006029 S:0.005809 U:0.005742 s:0.005576 e:0.005562 =:0.005501 K:0.005466 +:0.00539 c:0.005237

m14[0]=msg[56]: ws376vr2xt84qu15
m14[0]=msg[56]:  w:0.1241 s:0.1186 3:0.1079 7:0.1058 6:0.084 v:0.07532 r:0.07373 2:0.06957 x:0.05659 t:0.05216 8:0.04959 4:0.04267 q:0.01285 u:0.01236 1:0.008146 5:0.006677

m14[1]=msg[57]: Nur~FRH:jLWv@C8Jdy4e-Q#;|pqSoXc^Uzx&1lK96BD=w*O7iTnfas5YP?.0k,G+V_ZEMgmtb3I2Ah
m14[1]=msg[57]:  N:0.01832 u:0.01768 r:0.01694 ~:0.01672 F:0.01652 R:0.01633 H:0.01627 ::0.016 j:0.01582 L:0.01564 W:0.01539 v:0.01518 @:0.01493 C:0.01471 8:0.01445 J:0.0144 d:0.01423 y:0.01399 4:0.01375 e:0.0137 -:0.01367 Q:0.01361 #:0.01349 ;:0.01347 |:0.01344 p:0.01331 q:0.01322 S:0.0132 o:0.01306 X:0.01301 c:0.01289 ^:0.01286 U:0.01284 z:0.01275 x:0.01275 &:0.01275 1:0.01267 l:0.01267 K:0.01261 9:0.01256 6:0.01256 B:0.01245 D:0.01237 =:0.01234 w:0.0122 *:0.01217 O:0.01208 7:0.01207 i:0.01202 T:0.012 n:0.01195 f:0.01186 a:0.01181 s:0.01178 5:0.01172 Y:0.01169 P:0.01166 ?:0.01164 .:0.01154 0:0.01149 k:0.01147 ,:0.01136 G:0.01132 +:0.01131 V:0.01129 _:0.01121 Z:0.01103 E:0.01088 M:0.01087 g:0.01082 m:0.01063 t:0.01062 b:0.01016 3:0.009937 I:0.009791 2:0.009004 A:0.008606 h:0.0085

m14[2]=msg[58]: k6vTu8VPrSx2U4+Q1fdY3#7*toEKc5JNRs-.MqWgehyClL9wG0OpID&,XFmniHjBb:zAZa?=;|_^@~
m14[2]=msg[58]:  k:0.02046 6:0.01983 v:0.01974 T:0.01971 u:0.01946 8:0.01901 V:0.01863 P:0.01818 r:0.01784 S:0.01769 x:0.01708 2:0.01701 U:0.01658 4:0.01641 +:0.01619 Q:0.01607 1:0.01598 f:0.01589 d:0.01571 Y:0.01568 3:0.01554 #:0.01534 7:0.01519 *:0.01517 t:0.01516 o:0.01512 E:0.0151 K:0.01502 c:0.01468 5:0.01456 J:0.01451 N:0.01432 R:0.01432 s:0.01429 -:0.01408 .:0.01386 M:0.01384 q:0.01368 W:0.01347 g:0.01318 e:0.01314 h:0.01308 y:0.01307 C:0.013 l:0.01291 L:0.01273 9:0.01263 w:0.0125 G:0.01238 0:0.01237 O:0.01233 p:0.0119 I:0.01188 D:0.01166 &:0.01159 ,:0.01156 X:0.01131 F:0.01105 m:0.01063 n:0.01053 i:0.009614 H:0.009228 j:0.008986 B:0.008974 b:0.008664 ::0.008539 z:0.007751 A:0.007586 Z:0.006974 a:0.00669 ?:0.005447 =:0.004281 ;:0.004003 |:0.003909 _:0.00367 ^:0.003643 @:0.003122 ~:0.003052

m14[3]=msg[59]: +aBi:3Sbjy2scRYJQ#1z9r*q;khZKCAXHIx8@0pPtLTg=?|d.Dl,4FOn&oUEmVv-~u7_^wW5fMeG6N
m14[3]=msg[59]:  +:0.02338 a:0.02252 B:0.02191 i:0.02083 ::0.0208 3:0.02073 S:0.02067 b:0.02061 j:0.02059 y:0.02054 2:0.02047 s:0.02012 c:0.02 R:0.01973 Y:0.01946 J:0.01906 Q:0.01891 #:0.01863 1:0.01852 z:0.01848 9:0.01842 r:0.01838 *:0.01794 q:0.01787 ;:0.01717 k:0.01712 h:0.01698 Z:0.01661 K:0.01619 C:0.01583 A:0.01568 X:0.0156 H:0.01527 I:0.01525 x:0.01477 8:0.01453 @:0.01433 0:0.01418 p:0.01346 P:0.01279 t:0.01168 L:0.01049 T:0.009873 g:0.009716 =:0.00944 ?:0.009429 |:0.009379 d:0.008902 .:0.008741 D:0.008648 l:0.008458 ,:0.008231 4:0.007781 F:0.007752 O:0.00773 n:0.007606 &:0.007335 o:0.00729 U:0.007224 E:0.007165 m:0.007059 V:0.007037 v:0.007012 -:0.006825 ~:0.006698 u:0.006259 7:0.006087 _:0.005922 ^:0.005552 w:0.005528 W:0.00551 5:0.005473 f:0.005419 M:0.005126 e:0.005072 G:0.004888 6:0.003821 N:0.003472

m15[0]=msg[60]: 73wSsW?_;2XV46vk8rT+oRKOxt0.@Jn~,Pj^pL*Z|:lNz
m15[0]=msg[60]:  7:0.06223 3:0.05792 w:0.05524 S:0.04851 s:0.04326 W:0.04082 ?:0.03221 _:0.03028 ;:0.03025 2:0.02887 X:0.02505 V:0.02495 4:0.02412 6:0.02396 v:0.02362 k:0.022 8:0.02198 r:0.02184 T:0.02165 +:0.02057 o:0.02048 R:0.02043 K:0.02013 O:0.02009 x:0.01969 t:0.01894 0:0.01591 .:0.01518 @:0.01387 J:0.01337 n:0.01336 ~:0.01247 ,:0.01241 P:0.01235 j:0.01231 ^:0.0112 p:0.01112 L:0.01097 *:0.01089 Z:0.01085 |:0.01033 ::0.009245 l:0.008368 N:0.008359 z:0.008357

m15[1]=msg[61]: ChZ0~mnQrNp,WY|HEci@V4bf1yFPxKd95:;u8XS.Majl2GJ^=-U7*_zAt&oLgD6I?swTBqkRv3+#eO
m15[1]=msg[61]:  C:0.01809 h:0.01789 Z:0.01761 0:0.01739 ~:0.01709 m:0.01688 n:0.01576 Q:0.01548 r:0.01521 N:0.01509 p:0.01504 ,:0.01495 W:0.01471 Y:0.0147 |:0.01457 H:0.01443 E:0.01426 c:0.01426 i:0.0142 @:0.01414 V:0.01409 4:0.01401 b:0.01372 f:0.01364 1:0.01364 y:0.01363 F:0.01357 P:0.01347 x:0.01341 K:0.01337 d:0.01304 9:0.013 5:0.01294 ::0.01293 ;:0.01279 u:0.01267 8:0.01267 X:0.01261 S:0.01257 .:0.01249 M:0.01245 a:0.01241 j:0.01237 l:0.01231 2:0.0123 G:0.0123 J:0.01226 ^:0.01205 =:0.01198 -:0.0119 U:0.0118 7:0.01172 *:0.0117 _:0.01168 z:0.0116 A:0.01159 t:0.01155 &:0.01152 o:0.0115 L:0.01148 g:0.0114 D:0.01132 6:0.01126 I:0.01122 ?:0.01117 s:0.01113 w:0.01106 T:0.01076 B:0.01073 q:0.01062 k:0.01054 R:0.01007 v:0.009811 3:0.009516 +:0.009332 #:0.009192 e:0.008483 O:0.00791

m15[2]=msg[62]: ^ZY_aXVWebdcUf#T&ShQ|=Rg?A~x:C@PBw;vF987jiEDyzO6t*NG5uH4s3q2rMJk1Ip+o0.KL-,nml
m15[2]=msg[62]:  ^:0.05162 Z:0.04901 Y:0.04686 _:0.04418 a:0.04046 X:0.03566 V:0.03474 W:0.03432 e:0.03382 b:0.03333 d:0.03079 c:0.0303 U:0.02702 f:0.02683 #:0.02213 T:0.02183 &:0.02131 S:0.01743 h:0.01564 Q:0.0153 |:0.01447 =:0.01433 R:0.01332 g:0.01296 ?:0.0129 A:0.01225 ~:0.01224 x:0.01167 ::0.01162 C:0.01109 @:0.01057 P:0.01044 B:0.0104 w:0.0103 ;:0.009689 v:0.009578 F:0.00943 9:0.009259 8:0.008919 7:0.008895 j:0.008883 i:0.008448 E:0.008435 D:0.008063 y:0.007713 z:0.007297 O:0.007051 6:0.006642 t:0.006167 *:0.00598 N:0.005421 G:0.005307 5:0.005075 u:0.004955 H:0.004745 4:0.004654 s:0.004611 3:0.004536 q:0.003169 2:0.002993 r:0.002857 M:0.002836 J:0.002602 k:0.002204 1:0.001978 I:0.001806 p:0.001614 +:0.001425 o:0.001231 0:0.0008988 .:0.0007362 K:0.0006886 L:0.0005059 -:0.0004292 ,:0.0004287 n:0.0002832 m:0.0002613 l:0.0001335

m15[3]=msg[63]: &pbl~f.*z^hBj@02r|TN8:,vL6PdFXJ4tRDxnZVH31#sQq-9O=mGYu;5S7?iyWkcMCU+ogKEAIaew_
m15[3]=msg[63]:  &:0.02578 p:0.02539 b:0.02519 l:0.02469 ~:0.02427 f:0.02394 .:0.02369 *:0.0233 z:0.02295 ^:0.02273 h:0.02246 B:0.02212 j:0.02175 @:0.02146 0:0.02109 2:0.02094 r:0.02026 |:0.0202 T:0.02019 N:0.02004 8:0.01994 ::0.01982 ,:0.01977 v:0.01936 L:0.01911 6:0.01903 P:0.01899 d:0.01898 F:0.0188 X:0.01859 J:0.01789 4:0.01763 t:0.01741 R:0.01693 D:0.01688 x:0.01684 n:0.0166 Z:0.01657 V:0.01525 H:0.01341 3:0.009235 1:0.007878 #:0.007782 s:0.007597 Q:0.007391 q:0.007212 -:0.006999 9:0.006593 O:0.006267 =:0.005942 m:0.00577 G:0.00571 Y:0.005612 u:0.005589 ;:0.005287 5:0.005252 S:0.005049 7:0.004887 ?:0.004696 i:0.004679 y:0.004567 W:0.004536 k:0.004472 c:0.004447 M:0.004276 C:0.003931 U:0.003687 +:0.003647 o:0.003641 g:0.003583 K:0.003514 E:0.003251 A:0.003216 I:0.003103 a:0.002884 e:0.002738 w:0.002674 _:0.002162

Runtime: 70.17
